		GetFeed
	shutting server down
	Stop worker system
	Close cache
	Close database
End.
Start
	Open database
	Create cache
	Start worker system
	starting server up
		GetFeed
		createNewsFeed
		GetFeedCount
		GetListFeed
		GetFeedCount
		GetListFeed
		GetFeedCount
		GetListFeed
		GetFeedCount
		GetListFeed
		GetFeedCount
		GetListFeed
		GetFeedCount
		GetListFeed
		GetFeedCount
		GetListFeed
		GetFeedCount
		GetListFeed
		GetFeedCount
		GetListFeed
		GetFeedCount
		GetListFeed
		GetFeedCount
		GetListFeed
		GetFeedCount
		GetListFeed
		GetFeedCount
		GetListFeed
	shutting server down
	Stop worker system
	Close cache
	Close database
End.
Start
	Open database
	Create cache
	Start worker system
	starting server up
		GetFeedCount
		GetListFeed
		GetFeedCount
		GetListFeed
		GetFeedCount
		GetListFeed
		GetFeedCount
		GetListFeed
		GetFeedCount
		GetListFeed
		GetFeedCount
		GetListFeed
		GetFeedCount
		GetListFeed
		GetFeedCount
		GetListFeed
		GetFeedCount
		GetListFeed
		GetFeedCount
		GetListFeed
		GetFeedCount
		GetListFeed
		GetFeedCount
		GetListFeed
		createNewsFeed
		GetFeedCount
		GetListFeed
		GetFeedCount
		GetListFeed
		GetFeedCount
		GetListFeed
		GetFeedCount
		GetListFeed
		GetFeedCount
		GetListFeed
		GetFeedCount
		GetListFeed
		GetFeedCount
		GetListFeed
		GetFeedCount
		GetListFeed
		GetFeedCount
		GetListFeed
